<?xml version="1.0" encoding="UTF-8"?>
<!-- Generated by org.testng.reporters.JUnitReportReporter -->
<testsuite hostname="admin-PC" name="testcaseClearTrip.ClearTripScenario" tests="1" failures="0" timestamp="6 Aug 2017 19:35:41 GMT" time="85.668" errors="0">
  <testcase name="Registration" time="85.668" classname="testcaseClearTrip.ClearTripScenario"/>
</testsuite> <!-- testcaseClearTrip.ClearTripScenario -->
